<?xml version="1.0" encoding="UTF-8"?>
<!-- Generated by org.testng.reporters.JUnitReportReporter -->
<testsuite hostname="LAPTOP-2BJ1ENE8" failures="0" tests="1" name="TestNGStudy.MyTest" time="0.009" errors="0" timestamp="2022-11-07T13:36:34 IST" skipped="0">
  <testcase classname="TestNGStudy.MyTest" name="A" time="0.009"/>
  <system-out>
    <![CDATA[A method is running
A method is running
A method is running]]>
  </system-out>
</testsuite> <!-- TestNGStudy.MyTest -->
