<?xml version="1.0" encoding="UTF-8"?>
<!-- Generated by org.testng.reporters.JUnitReportReporter -->
<testsuite hostname="LAPTOP-2BJ1ENE8" failures="0" tests="1" name="softAsserts.FirefoxTest" time="10.726" errors="0" timestamp="2022-11-18T16:22:41 IST" skipped="0">
  <testcase classname="softAsserts.FirefoxTest" name="firefox" time="10.726"/>
  <system-out/>
</testsuite> <!-- softAsserts.FirefoxTest -->
