<?xml version="1.0" encoding="UTF-8"?>
<!-- Generated by org.testng.reporters.JUnitReportReporter -->
<testsuite hostname="LAPTOP-2BJ1ENE8" failures="0" tests="2" name="TestNGStudy.myTestNGClass" time="71.332" errors="0" timestamp="2022-11-07T13:22:37 IST" skipped="0">
  <testcase classname="TestNGStudy.myTestNGClass" name="flipkartTest" time="61.058"/>
  <system-out/>
  <testcase classname="TestNGStudy.myTestNGClass" name="googleTest" time="10.274"/>
  <system-out/>
</testsuite> <!-- TestNGStudy.myTestNGClass -->
